Started GET "/" for 127.0.0.1 at 2024-07-27 13:17:16 +0900
  [1m[35m (1.5ms)[0m  [1m[35mCREATE TABLE "schema_migrations" ("version" varchar NOT NULL PRIMARY KEY)[0m
  [1m[35m (0.2ms)[0m  [1m[35mCREATE TABLE "ar_internal_metadata" ("key" varchar NOT NULL PRIMARY KEY, "value" varchar, "created_at" datetime(6) NOT NULL, "updated_at" datetime(6) NOT NULL)[0m
  [1m[36mActiveRecord::SchemaMigration Load (0.1ms)[0m  [1m[34mSELECT "schema_migrations"."version" FROM "schema_migrations" ORDER BY "schema_migrations"."version" ASC[0m
Processing by Rails::WelcomeController#index as HTML
  Rendering /Users/admin/.rbenv/versions/3.1.2/lib/ruby/gems/3.1.0/gems/railties-7.1.3.2/lib/rails/templates/rails/welcome/index.html.erb
  Rendered /Users/admin/.rbenv/versions/3.1.2/lib/ruby/gems/3.1.0/gems/railties-7.1.3.2/lib/rails/templates/rails/welcome/index.html.erb (Duration: 0.6ms | Allocations: 383)
Completed 200 OK in 42ms (Views: 10.1ms | ActiveRecord: 0.0ms | Allocations: 7491)


Started GET "/" for ::1 at 2024-07-27 13:18:10 +0900
Processing by Rails::WelcomeController#index as HTML
  Rendering /Users/admin/.rbenv/versions/3.1.2/lib/ruby/gems/3.1.0/gems/railties-7.1.3.2/lib/rails/templates/rails/welcome/index.html.erb
  Rendered /Users/admin/.rbenv/versions/3.1.2/lib/ruby/gems/3.1.0/gems/railties-7.1.3.2/lib/rails/templates/rails/welcome/index.html.erb (Duration: 0.1ms | Allocations: 24)
Completed 200 OK in 2ms (Views: 1.1ms | ActiveRecord: 0.0ms | Allocations: 305)


Started GET "/" for ::1 at 2024-07-27 13:19:49 +0900
Processing by Rails::WelcomeController#index as HTML
  Rendering /Users/admin/.rbenv/versions/3.1.2/lib/ruby/gems/3.1.0/gems/railties-7.1.3.2/lib/rails/templates/rails/welcome/index.html.erb
  Rendered /Users/admin/.rbenv/versions/3.1.2/lib/ruby/gems/3.1.0/gems/railties-7.1.3.2/lib/rails/templates/rails/welcome/index.html.erb (Duration: 0.1ms | Allocations: 15)
Completed 200 OK in 3ms (Views: 0.6ms | ActiveRecord: 0.0ms | Allocations: 227)


Started GET "/" for 127.0.0.1 at 2024-07-27 13:37:48 +0900
  [1m[36mActiveRecord::SchemaMigration Load (0.5ms)[0m  [1m[34mSELECT "schema_migrations"."version" FROM "schema_migrations" ORDER BY "schema_migrations"."version" ASC[0m
Processing by GameController#index as HTML
  Rendering layout layouts/application.html.erb
  Rendering game/index.html.erb within layouts/application
  Rendered game/index.html.erb within layouts/application (Duration: 14.8ms | Allocations: 6097)
  Rendered layout layouts/application.html.erb (Duration: 15.4ms | Allocations: 6228)
Completed 500 Internal Server Error in 34ms (ActiveRecord: 0.0ms | Allocations: 10819)


  
ActionView::Template::Error (undefined local variable or method `check_answer_path' for #<ActionView::Base:0x0000000000a8e8>

'.freeze; @output_buffer.append=  form_with url: check_answer_path, method: :post do ; @output_buffer.safe_append='
                                                 ^^^^^^^^^^^^^^^^^):
    2: <p>画面の色をRGBそれぞれの値で答えてください</p>
    3: <div style="width: 100px; height: 100px; background-color: rgb(<%= @color[:r] %>, <%= @color[:g] %>, <%= @color[:b] %>);"></div>
    4: 
    5: <%= form_with url: check_answer_path, method: :post do %>
    6:   <p>
    7:     R: <%= number_field_tag :r %><br>
    8:     G: <%= number_field_tag :g %><br>
  
app/views/game/index.html.erb:5
Started GET "/" for 127.0.0.1 at 2024-07-27 13:40:52 +0900
Processing by GameController#index as HTML
  Rendering layout layouts/application.html.erb
  Rendering game/index.html.erb within layouts/application
  Rendered game/index.html.erb within layouts/application (Duration: 4.5ms | Allocations: 1169)
  Rendered layout layouts/application.html.erb (Duration: 332.9ms | Allocations: 94129)
Completed 200 OK in 336ms (Views: 334.7ms | ActiveRecord: 0.0ms | Allocations: 95433)


Started POST "/game/check_answer" for 127.0.0.1 at 2024-07-27 13:42:06 +0900
Processing by GameController#check_answer as TURBO_STREAM
  Parameters: {"authenticity_token"=>"[FILTERED]", "r"=>"", "g"=>"4", "b"=>"3", "commit"=>"回答"}
Completed 500 Internal Server Error in 28ms (ActiveRecord: 0.0ms | Allocations: 5847)


  
NameError (undefined local variable or method `paragms' for #<GameController:0x0000000000e420>

    @r =paragms[:r].to_i
        ^^^^^^^
Did you mean?  params
               params=
               @_params):
  
app/controllers/game_controller.rb:7:in `check_answer'
Started GET "/" for 127.0.0.1 at 2024-07-27 16:17:53 +0900
  [1m[36mActiveRecord::SchemaMigration Load (0.5ms)[0m  [1m[34mSELECT "schema_migrations"."version" FROM "schema_migrations" ORDER BY "schema_migrations"."version" ASC[0m
Processing by GameController#index as HTML
  Rendering layout layouts/application.html.erb
  Rendering game/index.html.erb within layouts/application
  Rendered game/index.html.erb within layouts/application (Duration: 2.3ms | Allocations: 1271)
  Rendered layout layouts/application.html.erb (Duration: 62.9ms | Allocations: 34860)
Completed 200 OK in 88ms (Views: 69.4ms | ActiveRecord: 0.0ms | Allocations: 40594)


Started POST "/game/check_answer" for 127.0.0.1 at 2024-07-27 16:19:01 +0900
Processing by GameController#check_answer as TURBO_STREAM
  Parameters: {"authenticity_token"=>"[FILTERED]", "r"=>"1", "g"=>"123", "b"=>"124", "commit"=>"回答"}
Completed 500 Internal Server Error in 2ms (ActiveRecord: 0.0ms | Allocations: 970)


  
TypeError (nil can't be coerced into Integer):
  
app/controllers/game_controller.rb:48:in `-'
app/controllers/game_controller.rb:48:in `point_for_color'
app/controllers/game_controller.rb:40:in `caluculate_score'
app/controllers/game_controller.rb:10:in `check_answer'
Started GET "/" for 127.0.0.1 at 2024-07-27 16:35:54 +0900
Processing by GameController#index as HTML
  Rendering layout layouts/application.html.erb
  Rendering game/index.html.erb within layouts/application
  Rendered game/index.html.erb within layouts/application (Duration: 1.3ms | Allocations: 999)
  Rendered layout layouts/application.html.erb (Duration: 26.7ms | Allocations: 16165)
Completed 200 OK in 33ms (Views: 29.2ms | ActiveRecord: 0.0ms | Allocations: 17607)


Started POST "/game/check_answer" for 127.0.0.1 at 2024-07-27 16:36:08 +0900
Processing by GameController#check_answer as TURBO_STREAM
  Parameters: {"authenticity_token"=>"[FILTERED]", "r"=>"234", "g"=>"345", "b"=>"222", "commit"=>"回答"}
Completed 500 Internal Server Error in 15ms (ActiveRecord: 0.0ms | Allocations: 3688)


  
NoMethodError (undefined method `caluculate_score' for #<GameController:0x0000000000e510>

    @score =caluculate_score(@r,@g,@b)
            ^^^^^^^^^^^^^^^^
Did you mean?  calculate_score):
  
app/controllers/game_controller.rb:10:in `check_answer'
Started GET "/" for 127.0.0.1 at 2024-07-27 16:39:12 +0900
Processing by GameController#index as HTML
  Rendering layout layouts/application.html.erb
  Rendering game/index.html.erb within layouts/application
  Rendered game/index.html.erb within layouts/application (Duration: 1.9ms | Allocations: 999)
  Rendered layout layouts/application.html.erb (Duration: 16.6ms | Allocations: 16165)
Completed 200 OK in 20ms (Views: 18.5ms | ActiveRecord: 0.0ms | Allocations: 17569)


Started POST "/game/check_answer" for 127.0.0.1 at 2024-07-27 16:39:23 +0900
Processing by GameController#check_answer as TURBO_STREAM
  Parameters: {"authenticity_token"=>"[FILTERED]", "r"=>"234", "g"=>"234", "b"=>"34", "commit"=>"回答"}
Completed 500 Internal Server Error in 2ms (ActiveRecord: 0.0ms | Allocations: 900)


  
TypeError (nil can't be coerced into Integer):
  
app/controllers/game_controller.rb:52:in `-'
app/controllers/game_controller.rb:52:in `point_for_color'
app/controllers/game_controller.rb:44:in `calculate_score'
app/controllers/game_controller.rb:10:in `check_answer'
Started GET "/" for 127.0.0.1 at 2024-07-27 16:44:03 +0900
Processing by GameController#index as HTML
  Rendering layout layouts/application.html.erb
  Rendering game/index.html.erb within layouts/application
  Rendered game/index.html.erb within layouts/application (Duration: 1.5ms | Allocations: 1001)
  Rendered layout layouts/application.html.erb (Duration: 22.8ms | Allocations: 16167)
Completed 200 OK in 29ms (Views: 25.4ms | ActiveRecord: 0.0ms | Allocations: 17592)


Started POST "/game/check_answer" for 127.0.0.1 at 2024-07-27 16:44:12 +0900
Processing by GameController#check_answer as TURBO_STREAM
  Parameters: {"authenticity_token"=>"[FILTERED]", "r"=>"28", "g"=>"23", "b"=>"433", "commit"=>"回答"}
  Rendering layout layouts/application.html.erb
  Rendering game/index.html.erb within layouts/application
  Rendered game/index.html.erb within layouts/application (Duration: 1.8ms | Allocations: 1872)
  Rendered layout layouts/application.html.erb (Duration: 2.2ms | Allocations: 1955)
Completed 500 Internal Server Error in 4ms (ActiveRecord: 0.0ms | Allocations: 2658)


  
ActionView::Template::Error (undefined method `[]' for nil:NilClass

<div style="width: 100px; height: 100px; background-color: rgb('.freeze; @output_buffer.append=( @color[:r] ); @output_buffer.safe_append=', '.freeze; @output_buffer.append=( @color[:g] ); @output_buffer.safe_append=', '.freeze; @output_buffer.append=( @color[:b] ); @output_buffer.safe_append=');"></div>
                                                                                                       ^^^^):
    1: <h1>色あてゲーム</h1>
    2: <p>画面の色をRGBそれぞれの値で答えてください</p>
    3: <div style="width: 100px; height: 100px; background-color: rgb(<%= @color[:r] %>, <%= @color[:g] %>, <%= @color[:b] %>);"></div>
    4: 
    5: <%= form_with url: check_answer_path, method: :post do %>
    6:   <p>
  
app/views/game/index.html.erb:3
app/controllers/game_controller.rb:12:in `check_answer'
Started GET "/" for 127.0.0.1 at 2024-07-27 16:46:27 +0900
Processing by GameController#index as HTML
  Rendering layout layouts/application.html.erb
  Rendering game/index.html.erb within layouts/application
  Rendered game/index.html.erb within layouts/application (Duration: 1.8ms | Allocations: 999)
  Rendered layout layouts/application.html.erb (Duration: 24.0ms | Allocations: 16165)
Completed 200 OK in 30ms (Views: 26.6ms | ActiveRecord: 0.0ms | Allocations: 17583)


Started POST "/game/check_answer" for 127.0.0.1 at 2024-07-27 16:46:37 +0900
Processing by GameController#check_answer as TURBO_STREAM
  Parameters: {"authenticity_token"=>"[FILTERED]", "r"=>"1", "g"=>"1", "b"=>"200", "commit"=>"回答"}
  Rendering layout layouts/application.html.erb
  Rendering game/index.html.erb within layouts/application
  Rendered game/index.html.erb within layouts/application (Duration: 1.1ms | Allocations: 473)
  Rendered layout layouts/application.html.erb (Duration: 3.4ms | Allocations: 1629)
Completed 200 OK in 5ms (Views: 4.0ms | ActiveRecord: 0.0ms | Allocations: 2350)


Started POST "/game/check_answer" for 127.0.0.1 at 2024-07-27 16:46:40 +0900
Processing by GameController#check_answer as TURBO_STREAM
  Parameters: {"authenticity_token"=>"[FILTERED]", "r"=>"1", "g"=>"1", "b"=>"200", "commit"=>"回答"}
  Rendering layout layouts/application.html.erb
  Rendering game/index.html.erb within layouts/application
  Rendered game/index.html.erb within layouts/application (Duration: 1.2ms | Allocations: 473)
  Rendered layout layouts/application.html.erb (Duration: 3.6ms | Allocations: 1629)
Completed 200 OK in 7ms (Views: 4.6ms | ActiveRecord: 0.0ms | Allocations: 2197)


Started POST "/game/check_answer" for 127.0.0.1 at 2024-07-27 16:46:41 +0900
Processing by GameController#check_answer as TURBO_STREAM
  Parameters: {"authenticity_token"=>"[FILTERED]", "r"=>"1", "g"=>"1", "b"=>"200", "commit"=>"回答"}
  Rendering layout layouts/application.html.erb
  Rendering game/index.html.erb within layouts/application
  Rendered game/index.html.erb within layouts/application (Duration: 1.2ms | Allocations: 473)
  Rendered layout layouts/application.html.erb (Duration: 3.9ms | Allocations: 1629)
Completed 200 OK in 7ms (Views: 4.7ms | ActiveRecord: 0.0ms | Allocations: 2170)


Started POST "/game/new_question" for 127.0.0.1 at 2024-07-27 16:46:48 +0900
Processing by GameController#new_question as TURBO_STREAM
  Parameters: {"authenticity_token"=>"[FILTERED]", "commit"=>"次の問題"}
  Rendering layout layouts/application.html.erb
  Rendering game/index.html.erb within layouts/application
  Rendered game/index.html.erb within layouts/application (Duration: 1.1ms | Allocations: 478)
  Rendered layout layouts/application.html.erb (Duration: 3.2ms | Allocations: 1634)
Completed 200 OK in 6ms (Views: 3.9ms | ActiveRecord: 0.0ms | Allocations: 2165)


Started POST "/game/new_question" for 127.0.0.1 at 2024-07-27 16:46:49 +0900
Processing by GameController#new_question as TURBO_STREAM
  Parameters: {"authenticity_token"=>"[FILTERED]", "commit"=>"次の問題"}
  Rendering layout layouts/application.html.erb
  Rendering game/index.html.erb within layouts/application
  Rendered game/index.html.erb within layouts/application (Duration: 1.5ms | Allocations: 478)
  Rendered layout layouts/application.html.erb (Duration: 3.8ms | Allocations: 1634)
Completed 200 OK in 6ms (Views: 4.4ms | ActiveRecord: 0.0ms | Allocations: 2168)


Started POST "/game/new_question" for 127.0.0.1 at 2024-07-27 16:46:50 +0900
Processing by GameController#new_question as TURBO_STREAM
  Parameters: {"authenticity_token"=>"[FILTERED]", "commit"=>"次の問題"}
  Rendering layout layouts/application.html.erb
  Rendering game/index.html.erb within layouts/application
  Rendered game/index.html.erb within layouts/application (Duration: 1.5ms | Allocations: 478)
  Rendered layout layouts/application.html.erb (Duration: 4.2ms | Allocations: 1634)
Completed 200 OK in 6ms (Views: 4.9ms | ActiveRecord: 0.0ms | Allocations: 2186)


Started POST "/game/new_question" for 127.0.0.1 at 2024-07-27 16:46:50 +0900
Processing by GameController#new_question as TURBO_STREAM
  Parameters: {"authenticity_token"=>"[FILTERED]", "commit"=>"次の問題"}
  Rendering layout layouts/application.html.erb
  Rendering game/index.html.erb within layouts/application
  Rendered game/index.html.erb within layouts/application (Duration: 1.4ms | Allocations: 478)
  Rendered layout layouts/application.html.erb (Duration: 3.4ms | Allocations: 1634)
Completed 200 OK in 5ms (Views: 4.0ms | ActiveRecord: 0.0ms | Allocations: 2138)


Started POST "/game/new_question" for 127.0.0.1 at 2024-07-27 16:46:50 +0900
Processing by GameController#new_question as TURBO_STREAM
  Parameters: {"authenticity_token"=>"[FILTERED]", "commit"=>"次の問題"}
  Rendering layout layouts/application.html.erb
  Rendering game/index.html.erb within layouts/application
  Rendered game/index.html.erb within layouts/application (Duration: 1.1ms | Allocations: 478)
  Rendered layout layouts/application.html.erb (Duration: 3.5ms | Allocations: 1634)
Completed 200 OK in 5ms (Views: 4.1ms | ActiveRecord: 0.0ms | Allocations: 2159)


Started POST "/game/new_question" for 127.0.0.1 at 2024-07-27 16:46:50 +0900
Processing by GameController#new_question as TURBO_STREAM
  Parameters: {"authenticity_token"=>"[FILTERED]", "commit"=>"次の問題"}
  Rendering layout layouts/application.html.erb
  Rendering game/index.html.erb within layouts/application
  Rendered game/index.html.erb within layouts/application (Duration: 1.2ms | Allocations: 478)
  Rendered layout layouts/application.html.erb (Duration: 4.1ms | Allocations: 1634)
Completed 200 OK in 6ms (Views: 4.7ms | ActiveRecord: 0.0ms | Allocations: 2165)


Started POST "/game/new_question" for 127.0.0.1 at 2024-07-27 16:46:51 +0900
Processing by GameController#new_question as TURBO_STREAM
  Parameters: {"authenticity_token"=>"[FILTERED]", "commit"=>"次の問題"}
  Rendering layout layouts/application.html.erb
  Rendering game/index.html.erb within layouts/application
  Rendered game/index.html.erb within layouts/application (Duration: 1.2ms | Allocations: 478)
  Rendered layout layouts/application.html.erb (Duration: 4.0ms | Allocations: 1641)
Completed 200 OK in 6ms (Views: 4.8ms | ActiveRecord: 0.0ms | Allocations: 2191)


Started POST "/game/new_question" for 127.0.0.1 at 2024-07-27 16:46:51 +0900
Processing by GameController#new_question as TURBO_STREAM
  Parameters: {"authenticity_token"=>"[FILTERED]", "commit"=>"次の問題"}
  Rendering layout layouts/application.html.erb
  Rendering game/index.html.erb within layouts/application
  Rendered game/index.html.erb within layouts/application (Duration: 1.1ms | Allocations: 478)
  Rendered layout layouts/application.html.erb (Duration: 3.4ms | Allocations: 1634)
Completed 200 OK in 6ms (Views: 4.1ms | ActiveRecord: 0.0ms | Allocations: 2171)


Started GET "/" for 127.0.0.1 at 2024-07-27 16:49:59 +0900
Processing by GameController#index as HTML
  Rendering layout layouts/application.html.erb
  Rendering game/index.html.erb within layouts/application
  Rendered game/index.html.erb within layouts/application (Duration: 1.1ms | Allocations: 626)
  Rendered layout layouts/application.html.erb (Duration: 23.9ms | Allocations: 15786)
Completed 200 OK in 28ms (Views: 26.1ms | ActiveRecord: 0.0ms | Allocations: 17181)


Started POST "/game/check_answer" for 127.0.0.1 at 2024-07-27 16:50:07 +0900
Processing by GameController#check_answer as TURBO_STREAM
  Parameters: {"authenticity_token"=>"[FILTERED]", "r"=>"234", "g"=>"342", "b"=>"234", "commit"=>"回答"}
  Rendering layout layouts/application.html.erb
  Rendering game/index.html.erb within layouts/application
  Rendered game/index.html.erb within layouts/application (Duration: 0.6ms | Allocations: 152)
  Rendered layout layouts/application.html.erb (Duration: 2.9ms | Allocations: 1315)
Completed 200 OK in 6ms (Views: 4.0ms | ActiveRecord: 0.0ms | Allocations: 2025)


Started POST "/game/check_answer" for 127.0.0.1 at 2024-07-27 16:50:08 +0900
Processing by GameController#check_answer as TURBO_STREAM
  Parameters: {"authenticity_token"=>"[FILTERED]", "r"=>"234", "g"=>"342", "b"=>"234", "commit"=>"回答"}
  Rendering layout layouts/application.html.erb
  Rendering game/index.html.erb within layouts/application
  Rendered game/index.html.erb within layouts/application (Duration: 0.5ms | Allocations: 152)
  Rendered layout layouts/application.html.erb (Duration: 3.0ms | Allocations: 1308)
Completed 200 OK in 5ms (Views: 3.6ms | ActiveRecord: 0.0ms | Allocations: 1838)


Started POST "/game/check_answer" for 127.0.0.1 at 2024-07-27 16:50:09 +0900
Processing by GameController#check_answer as TURBO_STREAM
  Parameters: {"authenticity_token"=>"[FILTERED]", "r"=>"234", "g"=>"342", "b"=>"234", "commit"=>"回答"}
  Rendering layout layouts/application.html.erb
  Rendering game/index.html.erb within layouts/application
  Rendered game/index.html.erb within layouts/application (Duration: 0.5ms | Allocations: 152)
  Rendered layout layouts/application.html.erb (Duration: 2.6ms | Allocations: 1308)
Completed 200 OK in 5ms (Views: 3.3ms | ActiveRecord: 0.0ms | Allocations: 1850)


Started POST "/game/check_answer" for 127.0.0.1 at 2024-07-27 16:50:09 +0900
Processing by GameController#check_answer as TURBO_STREAM
  Parameters: {"authenticity_token"=>"[FILTERED]", "r"=>"234", "g"=>"342", "b"=>"234", "commit"=>"回答"}
  Rendering layout layouts/application.html.erb
  Rendering game/index.html.erb within layouts/application
  Rendered game/index.html.erb within layouts/application (Duration: 0.5ms | Allocations: 152)
  Rendered layout layouts/application.html.erb (Duration: 2.8ms | Allocations: 1308)
Completed 200 OK in 5ms (Views: 3.5ms | ActiveRecord: 0.0ms | Allocations: 1850)


Started POST "/game/check_answer" for 127.0.0.1 at 2024-07-27 16:50:09 +0900
Processing by GameController#check_answer as TURBO_STREAM
  Parameters: {"authenticity_token"=>"[FILTERED]", "r"=>"234", "g"=>"342", "b"=>"234", "commit"=>"回答"}
  Rendering layout layouts/application.html.erb
  Rendering game/index.html.erb within layouts/application
  Rendered game/index.html.erb within layouts/application (Duration: 0.5ms | Allocations: 152)
  Rendered layout layouts/application.html.erb (Duration: 2.6ms | Allocations: 1308)
Completed 200 OK in 4ms (Views: 3.2ms | ActiveRecord: 0.0ms | Allocations: 1844)


Started POST "/game/check_answer" for 127.0.0.1 at 2024-07-27 16:50:10 +0900
Processing by GameController#check_answer as TURBO_STREAM
  Parameters: {"authenticity_token"=>"[FILTERED]", "r"=>"234", "g"=>"342", "b"=>"234", "commit"=>"回答"}
  Rendering layout layouts/application.html.erb
  Rendering game/index.html.erb within layouts/application
  Rendered game/index.html.erb within layouts/application (Duration: 0.5ms | Allocations: 152)
  Rendered layout layouts/application.html.erb (Duration: 2.8ms | Allocations: 1308)
Completed 200 OK in 5ms (Views: 3.4ms | ActiveRecord: 0.0ms | Allocations: 1871)


Started POST "/game/check_answer" for 127.0.0.1 at 2024-07-27 16:50:10 +0900
Processing by GameController#check_answer as TURBO_STREAM
  Parameters: {"authenticity_token"=>"[FILTERED]", "r"=>"234", "g"=>"342", "b"=>"234", "commit"=>"回答"}
  Rendering layout layouts/application.html.erb
  Rendering game/index.html.erb within layouts/application
  Rendered game/index.html.erb within layouts/application (Duration: 0.5ms | Allocations: 152)
  Rendered layout layouts/application.html.erb (Duration: 2.6ms | Allocations: 1308)
Completed 200 OK in 5ms (Views: 3.4ms | ActiveRecord: 0.0ms | Allocations: 1862)


Started POST "/game/check_answer" for 127.0.0.1 at 2024-07-27 16:50:10 +0900
Processing by GameController#check_answer as TURBO_STREAM
  Parameters: {"authenticity_token"=>"[FILTERED]", "r"=>"234", "g"=>"342", "b"=>"234", "commit"=>"回答"}
  Rendering layout layouts/application.html.erb
  Rendering game/index.html.erb within layouts/application
  Rendered game/index.html.erb within layouts/application (Duration: 0.9ms | Allocations: 152)
  Rendered layout layouts/application.html.erb (Duration: 4.1ms | Allocations: 1308)
Completed 200 OK in 6ms (Views: 5.0ms | ActiveRecord: 0.0ms | Allocations: 1865)


Started POST "/game/check_answer" for 127.0.0.1 at 2024-07-27 16:50:47 +0900
Processing by GameController#check_answer as TURBO_STREAM
  Parameters: {"authenticity_token"=>"[FILTERED]", "r"=>"234", "g"=>"42", "b"=>"34", "commit"=>"回答"}
  Rendering layout layouts/application.html.erb
  Rendering game/index.html.erb within layouts/application
  Rendered game/index.html.erb within layouts/application (Duration: 0.8ms | Allocations: 152)
  Rendered layout layouts/application.html.erb (Duration: 3.7ms | Allocations: 1308)
Completed 200 OK in 6ms (Views: 4.7ms | ActiveRecord: 0.0ms | Allocations: 1853)


Started POST "/game/check_answer" for 127.0.0.1 at 2024-07-27 16:50:55 +0900
Processing by GameController#check_answer as TURBO_STREAM
  Parameters: {"authenticity_token"=>"[FILTERED]", "r"=>"234", "g"=>"42", "b"=>"34", "commit"=>"回答"}
  Rendering layout layouts/application.html.erb
  Rendering game/index.html.erb within layouts/application
  Rendered game/index.html.erb within layouts/application (Duration: 0.5ms | Allocations: 152)
  Rendered layout layouts/application.html.erb (Duration: 2.8ms | Allocations: 1308)
Completed 200 OK in 5ms (Views: 3.5ms | ActiveRecord: 0.0ms | Allocations: 1853)


Started POST "/game/check_answer" for 127.0.0.1 at 2024-07-27 16:51:04 +0900
Processing by GameController#check_answer as TURBO_STREAM
  Parameters: {"authenticity_token"=>"[FILTERED]", "r"=>"234", "g"=>"42", "b"=>"34", "commit"=>"回答"}
  Rendering layout layouts/application.html.erb
  Rendering game/index.html.erb within layouts/application
  Rendered game/index.html.erb within layouts/application (Duration: 0.6ms | Allocations: 152)
  Rendered layout layouts/application.html.erb (Duration: 2.9ms | Allocations: 1308)
Completed 200 OK in 5ms (Views: 3.6ms | ActiveRecord: 0.0ms | Allocations: 1838)


Started POST "/game/check_answer" for 127.0.0.1 at 2024-07-27 16:51:05 +0900
Processing by GameController#check_answer as TURBO_STREAM
  Parameters: {"authenticity_token"=>"[FILTERED]", "r"=>"234", "g"=>"42", "b"=>"34", "commit"=>"回答"}
  Rendering layout layouts/application.html.erb
  Rendering game/index.html.erb within layouts/application
  Rendered game/index.html.erb within layouts/application (Duration: 0.5ms | Allocations: 152)
  Rendered layout layouts/application.html.erb (Duration: 3.2ms | Allocations: 1308)
Completed 200 OK in 5ms (Views: 3.9ms | ActiveRecord: 0.0ms | Allocations: 1844)


Started GET "/" for 127.0.0.1 at 2024-07-27 16:51:07 +0900
Processing by GameController#index as HTML
  Rendering layout layouts/application.html.erb
  Rendering game/index.html.erb within layouts/application
  Rendered game/index.html.erb within layouts/application (Duration: 0.6ms | Allocations: 160)
  Rendered layout layouts/application.html.erb (Duration: 3.2ms | Allocations: 1320)
Completed 200 OK in 5ms (Views: 4.0ms | ActiveRecord: 0.0ms | Allocations: 1828)


Started POST "/game/check_answer" for 127.0.0.1 at 2024-07-27 16:51:12 +0900
Processing by GameController#check_answer as TURBO_STREAM
  Parameters: {"authenticity_token"=>"[FILTERED]", "r"=>"34", "g"=>"5", "b"=>"2", "commit"=>"回答"}
  Rendering layout layouts/application.html.erb
  Rendering game/index.html.erb within layouts/application
  Rendered game/index.html.erb within layouts/application (Duration: 0.6ms | Allocations: 152)
  Rendered layout layouts/application.html.erb (Duration: 3.5ms | Allocations: 1308)
Completed 200 OK in 6ms (Views: 4.2ms | ActiveRecord: 0.0ms | Allocations: 1859)


Started GET "/" for 127.0.0.1 at 2024-07-27 16:58:40 +0900
Processing by GameController#index as HTML
  Rendering layout layouts/application.html.erb
  Rendering game/index.html.erb within layouts/application
  Rendered game/index.html.erb within layouts/application (Duration: 1.1ms | Allocations: 655)
  Rendered layout layouts/application.html.erb (Duration: 24.5ms | Allocations: 15894)
Completed 200 OK in 29ms (Views: 26.6ms | ActiveRecord: 0.0ms | Allocations: 17301)


Started POST "/game/check_answer" for 127.0.0.1 at 2024-07-27 16:58:52 +0900
Processing by GameController#check_answer as TURBO_STREAM
  Parameters: {"authenticity_token"=>"[FILTERED]", "r"=>"25", "g"=>"34", "b"=>"53", "commit"=>"回答"}
  Rendering layout layouts/application.html.erb
  Rendering game/index.html.erb within layouts/application
  Rendered game/index.html.erb within layouts/application (Duration: 0.5ms | Allocations: 158)
  Rendered layout layouts/application.html.erb (Duration: 3.1ms | Allocations: 1314)
Completed 200 OK in 5ms (Views: 3.9ms | ActiveRecord: 0.0ms | Allocations: 2016)


Started POST "/game/check_answer" for 127.0.0.1 at 2024-07-27 16:58:53 +0900
Processing by GameController#check_answer as TURBO_STREAM
  Parameters: {"authenticity_token"=>"[FILTERED]", "r"=>"25", "g"=>"34", "b"=>"53", "commit"=>"回答"}
  Rendering layout layouts/application.html.erb
  Rendering game/index.html.erb within layouts/application
  Rendered game/index.html.erb within layouts/application (Duration: 0.9ms | Allocations: 158)
  Rendered layout layouts/application.html.erb (Duration: 3.0ms | Allocations: 1321)
Completed 200 OK in 5ms (Views: 3.8ms | ActiveRecord: 0.0ms | Allocations: 1860)


Started POST "/game/check_answer" for 127.0.0.1 at 2024-07-27 16:58:54 +0900
Processing by GameController#check_answer as TURBO_STREAM
  Parameters: {"authenticity_token"=>"[FILTERED]", "r"=>"25", "g"=>"34", "b"=>"53", "commit"=>"回答"}
  Rendering layout layouts/application.html.erb
  Rendering game/index.html.erb within layouts/application
  Rendered game/index.html.erb within layouts/application (Duration: 0.6ms | Allocations: 158)
  Rendered layout layouts/application.html.erb (Duration: 2.9ms | Allocations: 1314)
Completed 200 OK in 5ms (Views: 3.5ms | ActiveRecord: 0.0ms | Allocations: 1850)


Started POST "/game/check_answer" for 127.0.0.1 at 2024-07-27 16:58:54 +0900
Processing by GameController#check_answer as TURBO_STREAM
  Parameters: {"authenticity_token"=>"[FILTERED]", "r"=>"25", "g"=>"34", "b"=>"53", "commit"=>"回答"}
  Rendering layout layouts/application.html.erb
  Rendering game/index.html.erb within layouts/application
  Rendered game/index.html.erb within layouts/application (Duration: 0.5ms | Allocations: 158)
  Rendered layout layouts/application.html.erb (Duration: 3.0ms | Allocations: 1314)
Completed 200 OK in 5ms (Views: 3.6ms | ActiveRecord: 0.0ms | Allocations: 1844)


Started POST "/game/check_answer" for 127.0.0.1 at 2024-07-27 16:58:54 +0900
Processing by GameController#check_answer as TURBO_STREAM
  Parameters: {"authenticity_token"=>"[FILTERED]", "r"=>"25", "g"=>"34", "b"=>"53", "commit"=>"回答"}
  Rendering layout layouts/application.html.erb
  Rendering game/index.html.erb within layouts/application
  Rendered game/index.html.erb within layouts/application (Duration: 0.5ms | Allocations: 158)
  Rendered layout layouts/application.html.erb (Duration: 2.6ms | Allocations: 1314)
Completed 200 OK in 5ms (Views: 3.2ms | ActiveRecord: 0.0ms | Allocations: 1877)


Started POST "/game/check_answer" for 127.0.0.1 at 2024-07-27 16:58:54 +0900
Processing by GameController#check_answer as TURBO_STREAM
  Parameters: {"authenticity_token"=>"[FILTERED]", "r"=>"25", "g"=>"34", "b"=>"53", "commit"=>"回答"}
  Rendering layout layouts/application.html.erb
  Rendering game/index.html.erb within layouts/application
  Rendered game/index.html.erb within layouts/application (Duration: 0.5ms | Allocations: 158)
  Rendered layout layouts/application.html.erb (Duration: 2.9ms | Allocations: 1314)
Completed 200 OK in 5ms (Views: 3.5ms | ActiveRecord: 0.0ms | Allocations: 1871)


Started POST "/game/check_answer" for 127.0.0.1 at 2024-07-27 16:58:54 +0900
Processing by GameController#check_answer as TURBO_STREAM
  Parameters: {"authenticity_token"=>"[FILTERED]", "r"=>"25", "g"=>"34", "b"=>"53", "commit"=>"回答"}
  Rendering layout layouts/application.html.erb
  Rendering game/index.html.erb within layouts/application
  Rendered game/index.html.erb within layouts/application (Duration: 0.6ms | Allocations: 158)
  Rendered layout layouts/application.html.erb (Duration: 2.9ms | Allocations: 1314)
Completed 200 OK in 5ms (Views: 3.5ms | ActiveRecord: 0.0ms | Allocations: 1871)


Started POST "/game/check_answer" for 127.0.0.1 at 2024-07-27 16:58:55 +0900
Processing by GameController#check_answer as TURBO_STREAM
  Parameters: {"authenticity_token"=>"[FILTERED]", "r"=>"25", "g"=>"34", "b"=>"53", "commit"=>"回答"}
  Rendering layout layouts/application.html.erb
  Rendering game/index.html.erb within layouts/application
  Rendered game/index.html.erb within layouts/application (Duration: 0.5ms | Allocations: 158)
  Rendered layout layouts/application.html.erb (Duration: 2.8ms | Allocations: 1314)
Completed 200 OK in 5ms (Views: 3.4ms | ActiveRecord: 0.0ms | Allocations: 1865)


Started POST "/game/check_answer" for 127.0.0.1 at 2024-07-27 16:58:55 +0900
Processing by GameController#check_answer as TURBO_STREAM
  Parameters: {"authenticity_token"=>"[FILTERED]", "r"=>"25", "g"=>"34", "b"=>"53", "commit"=>"回答"}
  Rendering layout layouts/application.html.erb
  Rendering game/index.html.erb within layouts/application
  Rendered game/index.html.erb within layouts/application (Duration: 0.6ms | Allocations: 158)
  Rendered layout layouts/application.html.erb (Duration: 3.1ms | Allocations: 1314)
Completed 200 OK in 5ms (Views: 3.7ms | ActiveRecord: 0.0ms | Allocations: 1871)


Started POST "/game/check_answer" for 127.0.0.1 at 2024-07-27 16:58:55 +0900
Processing by GameController#check_answer as TURBO_STREAM
  Parameters: {"authenticity_token"=>"[FILTERED]", "r"=>"25", "g"=>"34", "b"=>"53", "commit"=>"回答"}
  Rendering layout layouts/application.html.erb
  Rendering game/index.html.erb within layouts/application
  Rendered game/index.html.erb within layouts/application (Duration: 0.5ms | Allocations: 158)
  Rendered layout layouts/application.html.erb (Duration: 2.5ms | Allocations: 1314)
Completed 200 OK in 4ms (Views: 3.2ms | ActiveRecord: 0.0ms | Allocations: 1865)


Started POST "/game/check_answer" for 127.0.0.1 at 2024-07-27 16:58:55 +0900
Processing by GameController#check_answer as TURBO_STREAM
  Parameters: {"authenticity_token"=>"[FILTERED]", "r"=>"25", "g"=>"34", "b"=>"53", "commit"=>"回答"}
  Rendering layout layouts/application.html.erb
  Rendering game/index.html.erb within layouts/application
  Rendered game/index.html.erb within layouts/application (Duration: 0.6ms | Allocations: 158)
  Rendered layout layouts/application.html.erb (Duration: 3.6ms | Allocations: 1314)
Completed 200 OK in 5ms (Views: 4.3ms | ActiveRecord: 0.0ms | Allocations: 1874)


Started GET "/" for 127.0.0.1 at 2024-07-27 16:59:21 +0900
  [1m[36mActiveRecord::SchemaMigration Load (0.5ms)[0m  [1m[34mSELECT "schema_migrations"."version" FROM "schema_migrations" ORDER BY "schema_migrations"."version" ASC[0m
Processing by GameController#index as HTML
  Rendering layout layouts/application.html.erb
  Rendering game/index.html.erb within layouts/application
  Rendered game/index.html.erb within layouts/application (Duration: 1.3ms | Allocations: 922)
  Rendered layout layouts/application.html.erb (Duration: 47.5ms | Allocations: 34540)
Completed 200 OK in 71ms (Views: 52.5ms | ActiveRecord: 0.0ms | Allocations: 40271)


Started POST "/game/check_answer" for 127.0.0.1 at 2024-07-27 16:59:27 +0900
Processing by GameController#check_answer as TURBO_STREAM
  Parameters: {"authenticity_token"=>"[FILTERED]", "r"=>"23", "g"=>"4", "b"=>"2", "commit"=>"回答"}
  Rendering layout layouts/application.html.erb
  Rendering game/index.html.erb within layouts/application
  Rendered game/index.html.erb within layouts/application (Duration: 0.6ms | Allocations: 200)
  Rendered layout layouts/application.html.erb (Duration: 3.0ms | Allocations: 1468)
Completed 200 OK in 6ms (Views: 3.9ms | ActiveRecord: 0.0ms | Allocations: 2281)


Started GET "/" for 127.0.0.1 at 2024-07-27 17:03:52 +0900
Processing by GameController#index as HTML
  Rendering layout layouts/application.html.erb
  Rendering game/index.html.erb within layouts/application
  Rendered game/index.html.erb within layouts/application (Duration: 3.8ms | Allocations: 651)
  Rendered layout layouts/application.html.erb (Duration: 33.1ms | Allocations: 15734)
Completed 200 OK in 42ms (Views: 36.3ms | ActiveRecord: 0.0ms | Allocations: 17142)


Started POST "/game/check_answer" for 127.0.0.1 at 2024-07-27 17:04:02 +0900
Processing by GameController#check_answer as TURBO_STREAM
  Parameters: {"authenticity_token"=>"[FILTERED]", "r"=>"23", "g"=>"34", "b"=>"54", "commit"=>"回答"}
  Rendering layout layouts/application.html.erb
  Rendering game/index.html.erb within layouts/application
  Rendered game/index.html.erb within layouts/application (Duration: 1.0ms | Allocations: 158)
  Rendered layout layouts/application.html.erb (Duration: 4.8ms | Allocations: 1314)
Completed 200 OK in 7ms (Views: 5.7ms | ActiveRecord: 0.0ms | Allocations: 2024)


Started POST "/game/check_answer" for 127.0.0.1 at 2024-07-27 17:04:20 +0900
Processing by GameController#check_answer as TURBO_STREAM
  Parameters: {"authenticity_token"=>"[FILTERED]", "r"=>"23", "g"=>"34", "b"=>"54", "commit"=>"回答"}
  Rendering layout layouts/application.html.erb
  Rendering game/index.html.erb within layouts/application
  Rendered game/index.html.erb within layouts/application (Duration: 0.6ms | Allocations: 158)
  Rendered layout layouts/application.html.erb (Duration: 5.1ms | Allocations: 1314)
Completed 200 OK in 8ms (Views: 6.1ms | ActiveRecord: 0.0ms | Allocations: 1850)


Started POST "/game/check_answer" for 127.0.0.1 at 2024-07-27 17:04:21 +0900
Processing by GameController#check_answer as TURBO_STREAM
  Parameters: {"authenticity_token"=>"[FILTERED]", "r"=>"23", "g"=>"34", "b"=>"54", "commit"=>"回答"}
  Rendering layout layouts/application.html.erb
  Rendering game/index.html.erb within layouts/application
  Rendered game/index.html.erb within layouts/application (Duration: 0.5ms | Allocations: 158)
  Rendered layout layouts/application.html.erb (Duration: 3.0ms | Allocations: 1314)
Completed 200 OK in 5ms (Views: 3.7ms | ActiveRecord: 0.0ms | Allocations: 1850)


Started POST "/game/check_answer" for 127.0.0.1 at 2024-07-27 17:04:21 +0900
Processing by GameController#check_answer as TURBO_STREAM
  Parameters: {"authenticity_token"=>"[FILTERED]", "r"=>"23", "g"=>"34", "b"=>"54", "commit"=>"回答"}
  Rendering layout layouts/application.html.erb
  Rendering game/index.html.erb within layouts/application
  Rendered game/index.html.erb within layouts/application (Duration: 0.6ms | Allocations: 158)
  Rendered layout layouts/application.html.erb (Duration: 5.4ms | Allocations: 1314)
Completed 200 OK in 8ms (Views: 6.4ms | ActiveRecord: 0.0ms | Allocations: 1861)


Started GET "/" for 127.0.0.1 at 2024-07-27 17:04:22 +0900
Processing by GameController#index as HTML
  Rendering layout layouts/application.html.erb
  Rendering game/index.html.erb within layouts/application
  Rendered game/index.html.erb within layouts/application (Duration: 0.6ms | Allocations: 160)
  Rendered layout layouts/application.html.erb (Duration: 3.1ms | Allocations: 1320)
Completed 200 OK in 5ms (Views: 3.8ms | ActiveRecord: 0.0ms | Allocations: 1810)


Started POST "/game/check_answer" for 127.0.0.1 at 2024-07-27 17:04:27 +0900
Processing by GameController#check_answer as TURBO_STREAM
  Parameters: {"authenticity_token"=>"[FILTERED]", "r"=>"3", "g"=>"4", "b"=>"", "commit"=>"回答"}
  Rendering layout layouts/application.html.erb
  Rendering game/index.html.erb within layouts/application
  Rendered game/index.html.erb within layouts/application (Duration: 0.9ms | Allocations: 160)
  Rendered layout layouts/application.html.erb (Duration: 4.8ms | Allocations: 1316)
Completed 200 OK in 8ms (Views: 5.8ms | ActiveRecord: 0.0ms | Allocations: 1864)


Started POST "/game/check_answer" for 127.0.0.1 at 2024-07-27 17:04:29 +0900
Processing by GameController#check_answer as TURBO_STREAM
  Parameters: {"authenticity_token"=>"[FILTERED]", "r"=>"3", "g"=>"4", "b"=>"4", "commit"=>"回答"}
  Rendering layout layouts/application.html.erb
  Rendering game/index.html.erb within layouts/application
  Rendered game/index.html.erb within layouts/application (Duration: 0.7ms | Allocations: 158)
  Rendered layout layouts/application.html.erb (Duration: 3.4ms | Allocations: 1314)
Completed 200 OK in 5ms (Views: 4.0ms | ActiveRecord: 0.0ms | Allocations: 1868)


Started GET "/" for 127.0.0.1 at 2024-07-27 17:06:32 +0900
Processing by GameController#index as HTML
  Rendering layout layouts/application.html.erb
  Rendering game/index.html.erb within layouts/application
  Rendered game/index.html.erb within layouts/application (Duration: 1.3ms | Allocations: 653)
  Rendered layout layouts/application.html.erb (Duration: 30.6ms | Allocations: 15835)
Completed 200 OK in 37ms (Views: 33.3ms | ActiveRecord: 0.0ms | Allocations: 17250)


Started POST "/game/check_answer" for 127.0.0.1 at 2024-07-27 17:06:38 +0900
Processing by GameController#check_answer as TURBO_STREAM
  Parameters: {"authenticity_token"=>"[FILTERED]", "r"=>"23", "g"=>"43", "b"=>"3", "commit"=>"回答"}
  Rendering layout layouts/application.html.erb
  Rendering game/index.html.erb within layouts/application
  Rendered game/index.html.erb within layouts/application (Duration: 0.5ms | Allocations: 158)
  Rendered layout layouts/application.html.erb (Duration: 2.7ms | Allocations: 1316)
Completed 200 OK in 6ms (Views: 3.5ms | ActiveRecord: 0.0ms | Allocations: 2027)


Started POST "/game/check_answer" for 127.0.0.1 at 2024-07-27 17:06:40 +0900
Processing by GameController#check_answer as TURBO_STREAM
  Parameters: {"authenticity_token"=>"[FILTERED]", "r"=>"23", "g"=>"43", "b"=>"3", "commit"=>"回答"}
  Rendering layout layouts/application.html.erb
  Rendering game/index.html.erb within layouts/application
  Rendered game/index.html.erb within layouts/application (Duration: 0.6ms | Allocations: 158)
  Rendered layout layouts/application.html.erb (Duration: 3.2ms | Allocations: 1314)
Completed 200 OK in 6ms (Views: 4.0ms | ActiveRecord: 0.0ms | Allocations: 1862)


Started POST "/game/check_answer" for 127.0.0.1 at 2024-07-27 17:06:40 +0900
Processing by GameController#check_answer as TURBO_STREAM
  Parameters: {"authenticity_token"=>"[FILTERED]", "r"=>"23", "g"=>"43", "b"=>"3", "commit"=>"回答"}
  Rendering layout layouts/application.html.erb
  Rendering game/index.html.erb within layouts/application
  Rendered game/index.html.erb within layouts/application (Duration: 0.5ms | Allocations: 158)
  Rendered layout layouts/application.html.erb (Duration: 3.1ms | Allocations: 1314)
Completed 200 OK in 5ms (Views: 4.2ms | ActiveRecord: 0.0ms | Allocations: 1856)


Started POST "/game/check_answer" for 127.0.0.1 at 2024-07-27 17:06:40 +0900
Processing by GameController#check_answer as TURBO_STREAM
  Parameters: {"authenticity_token"=>"[FILTERED]", "r"=>"23", "g"=>"43", "b"=>"3", "commit"=>"回答"}
  Rendering layout layouts/application.html.erb
  Rendering game/index.html.erb within layouts/application
  Rendered game/index.html.erb within layouts/application (Duration: 0.8ms | Allocations: 158)
  Rendered layout layouts/application.html.erb (Duration: 3.3ms | Allocations: 1314)
Completed 200 OK in 5ms (Views: 4.0ms | ActiveRecord: 0.0ms | Allocations: 1850)


Started POST "/game/check_answer" for 127.0.0.1 at 2024-07-27 17:06:41 +0900
Processing by GameController#check_answer as TURBO_STREAM
  Parameters: {"authenticity_token"=>"[FILTERED]", "r"=>"23", "g"=>"43", "b"=>"3", "commit"=>"回答"}
  Rendering layout layouts/application.html.erb
  Rendering game/index.html.erb within layouts/application
  Rendered game/index.html.erb within layouts/application (Duration: 0.5ms | Allocations: 158)
  Rendered layout layouts/application.html.erb (Duration: 3.4ms | Allocations: 1314)
Completed 200 OK in 5ms (Views: 4.1ms | ActiveRecord: 0.0ms | Allocations: 1857)


Started POST "/game/check_answer" for 127.0.0.1 at 2024-07-27 17:06:41 +0900
Processing by GameController#check_answer as TURBO_STREAM
  Parameters: {"authenticity_token"=>"[FILTERED]", "r"=>"23", "g"=>"43", "b"=>"3", "commit"=>"回答"}
  Rendering layout layouts/application.html.erb
  Rendering game/index.html.erb within layouts/application
  Rendered game/index.html.erb within layouts/application (Duration: 0.5ms | Allocations: 158)
  Rendered layout layouts/application.html.erb (Duration: 3.2ms | Allocations: 1314)
Completed 200 OK in 6ms (Views: 3.9ms | ActiveRecord: 0.0ms | Allocations: 1877)


Started GET "/" for 127.0.0.1 at 2024-07-27 20:18:00 +0900
Processing by GameController#index as HTML
  Rendering layout layouts/application.html.erb
  Rendering game/index.html.erb within layouts/application
  Rendered game/index.html.erb within layouts/application (Duration: 5.9ms | Allocations: 160)
  Rendered layout layouts/application.html.erb (Duration: 22.7ms | Allocations: 1320)
Completed 200 OK in 46ms (Views: 29.3ms | ActiveRecord: 0.0ms | Allocations: 1819)


Started POST "/game/check_answer" for 127.0.0.1 at 2024-07-27 20:18:09 +0900
Processing by GameController#check_answer as TURBO_STREAM
  Parameters: {"authenticity_token"=>"[FILTERED]", "r"=>"2", "g"=>"2", "b"=>"2", "commit"=>"回答"}
  Rendering layout layouts/application.html.erb
  Rendering game/index.html.erb within layouts/application
  Rendered game/index.html.erb within layouts/application (Duration: 0.6ms | Allocations: 158)
  Rendered layout layouts/application.html.erb (Duration: 3.1ms | Allocations: 1314)
Completed 200 OK in 6ms (Views: 4.2ms | ActiveRecord: 0.0ms | Allocations: 1874)


Started POST "/game/check_answer" for 127.0.0.1 at 2024-07-27 20:18:10 +0900
Processing by GameController#check_answer as TURBO_STREAM
  Parameters: {"authenticity_token"=>"[FILTERED]", "r"=>"2", "g"=>"2", "b"=>"2", "commit"=>"回答"}
  Rendering layout layouts/application.html.erb
  Rendering game/index.html.erb within layouts/application
  Rendered game/index.html.erb within layouts/application (Duration: 0.6ms | Allocations: 158)
  Rendered layout layouts/application.html.erb (Duration: 4.3ms | Allocations: 1314)
Completed 200 OK in 7ms (Views: 5.2ms | ActiveRecord: 0.0ms | Allocations: 1859)


Started POST "/game/check_answer" for 127.0.0.1 at 2024-07-27 20:18:10 +0900
Processing by GameController#check_answer as TURBO_STREAM
  Parameters: {"authenticity_token"=>"[FILTERED]", "r"=>"2", "g"=>"2", "b"=>"2", "commit"=>"回答"}
  Rendering layout layouts/application.html.erb
  Rendering game/index.html.erb within layouts/application
  Rendered game/index.html.erb within layouts/application (Duration: 0.6ms | Allocations: 158)
  Rendered layout layouts/application.html.erb (Duration: 3.0ms | Allocations: 1314)
Completed 200 OK in 7ms (Views: 5.6ms | ActiveRecord: 0.0ms | Allocations: 1865)


Started POST "/game/check_answer" for 127.0.0.1 at 2024-07-27 20:18:10 +0900
Processing by GameController#check_answer as TURBO_STREAM
  Parameters: {"authenticity_token"=>"[FILTERED]", "r"=>"2", "g"=>"2", "b"=>"2", "commit"=>"回答"}
  Rendering layout layouts/application.html.erb
  Rendering game/index.html.erb within layouts/application
  Rendered game/index.html.erb within layouts/application (Duration: 0.5ms | Allocations: 158)
  Rendered layout layouts/application.html.erb (Duration: 4.3ms | Allocations: 1314)
Completed 200 OK in 7ms (Views: 5.1ms | ActiveRecord: 0.0ms | Allocations: 1862)


Started POST "/game/check_answer" for 127.0.0.1 at 2024-07-27 20:18:11 +0900
Processing by GameController#check_answer as TURBO_STREAM
  Parameters: {"authenticity_token"=>"[FILTERED]", "r"=>"2", "g"=>"2", "b"=>"2", "commit"=>"回答"}
  Rendering layout layouts/application.html.erb
  Rendering game/index.html.erb within layouts/application
  Rendered game/index.html.erb within layouts/application (Duration: 0.6ms | Allocations: 158)
  Rendered layout layouts/application.html.erb (Duration: 4.1ms | Allocations: 1314)
Completed 200 OK in 6ms (Views: 4.8ms | ActiveRecord: 0.0ms | Allocations: 1859)


Started POST "/game/check_answer" for 127.0.0.1 at 2024-07-27 20:18:11 +0900
Processing by GameController#check_answer as TURBO_STREAM
  Parameters: {"authenticity_token"=>"[FILTERED]", "r"=>"2", "g"=>"2", "b"=>"2", "commit"=>"回答"}
  Rendering layout layouts/application.html.erb
  Rendering game/index.html.erb within layouts/application
  Rendered game/index.html.erb within layouts/application (Duration: 0.6ms | Allocations: 158)
  Rendered layout layouts/application.html.erb (Duration: 3.6ms | Allocations: 1314)
Completed 200 OK in 7ms (Views: 4.4ms | ActiveRecord: 0.0ms | Allocations: 1862)


Started POST "/game/check_answer" for 127.0.0.1 at 2024-07-27 20:18:11 +0900
Processing by GameController#check_answer as TURBO_STREAM
  Parameters: {"authenticity_token"=>"[FILTERED]", "r"=>"2", "g"=>"2", "b"=>"2", "commit"=>"回答"}
  Rendering layout layouts/application.html.erb
  Rendering game/index.html.erb within layouts/application
  Rendered game/index.html.erb within layouts/application (Duration: 0.6ms | Allocations: 158)
  Rendered layout layouts/application.html.erb (Duration: 4.0ms | Allocations: 1314)
Completed 200 OK in 6ms (Views: 4.8ms | ActiveRecord: 0.0ms | Allocations: 1862)


Started POST "/game/check_answer" for 127.0.0.1 at 2024-07-27 20:18:11 +0900
Processing by GameController#check_answer as TURBO_STREAM
  Parameters: {"authenticity_token"=>"[FILTERED]", "r"=>"2", "g"=>"2", "b"=>"2", "commit"=>"回答"}
  Rendering layout layouts/application.html.erb
  Rendering game/index.html.erb within layouts/application
  Rendered game/index.html.erb within layouts/application (Duration: 1.5ms | Allocations: 158)
  Rendered layout layouts/application.html.erb (Duration: 4.5ms | Allocations: 1314)
Completed 200 OK in 7ms (Views: 5.2ms | ActiveRecord: 0.0ms | Allocations: 1859)


Started GET "/" for 127.0.0.1 at 2024-08-10 10:58:21 +0900
  [1m[36mActiveRecord::SchemaMigration Load (1.6ms)[0m  [1m[34mSELECT "schema_migrations"."version" FROM "schema_migrations" ORDER BY "schema_migrations"."version" ASC[0m
  
SyntaxError (/Users/admin/ColorGuessingGame/app/controllers/game_controller.rb:15: syntax error, unexpected '=', expecting `end'
    =begin
    ^
/Users/admin/ColorGuessingGame/app/controllers/game_controller.rb:16: syntax error, unexpected '(', expecting `end'
...ータから赤色の値 (:r) (:g) (:b)
...                              ^
/Users/admin/ColorGuessingGame/app/controllers/game_controller.rb:38: syntax error, unexpected '=', expecting `end'
    =begin
    ^
/Users/admin/ColorGuessingGame/app/controllers/game_controller.rb:41: syntax error, unexpected '=', expecting `end'
    =end
    ^
/Users/admin/ColorGuessingGame/app/controllers/game_controller.rb:102: syntax error, unexpected end-of-input, expecting `end'):
  
app/controllers/game_controller.rb:15: syntax error, unexpected '=', expecting `end'
app/controllers/game_controller.rb:16: syntax error, unexpected '(', expecting `end'
app/controllers/game_controller.rb:38: syntax error, unexpected '=', expecting `end'
app/controllers/game_controller.rb:41: syntax error, unexpected '=', expecting `end'
app/controllers/game_controller.rb:102: syntax error, unexpected end-of-input, expecting `end'
Started GET "/" for 127.0.0.1 at 2024-08-10 10:58:23 +0900
  
SyntaxError (/Users/admin/ColorGuessingGame/app/controllers/game_controller.rb:15: syntax error, unexpected '=', expecting `end'
    =begin
    ^
/Users/admin/ColorGuessingGame/app/controllers/game_controller.rb:16: syntax error, unexpected '(', expecting `end'
...ータから赤色の値 (:r) (:g) (:b)
...                              ^
/Users/admin/ColorGuessingGame/app/controllers/game_controller.rb:38: syntax error, unexpected '=', expecting `end'
    =begin
    ^
/Users/admin/ColorGuessingGame/app/controllers/game_controller.rb:41: syntax error, unexpected '=', expecting `end'
    =end
    ^
/Users/admin/ColorGuessingGame/app/controllers/game_controller.rb:102: syntax error, unexpected end-of-input, expecting `end'):
  
app/controllers/game_controller.rb:15: syntax error, unexpected '=', expecting `end'
app/controllers/game_controller.rb:16: syntax error, unexpected '(', expecting `end'
app/controllers/game_controller.rb:38: syntax error, unexpected '=', expecting `end'
app/controllers/game_controller.rb:41: syntax error, unexpected '=', expecting `end'
app/controllers/game_controller.rb:102: syntax error, unexpected end-of-input, expecting `end'
Started GET "/" for 127.0.0.1 at 2024-08-10 11:06:27 +0900
Processing by GameController#index as HTML
  Rendering layout layouts/application.html.erb
  Rendering game/index.html.erb within layouts/application
  Rendered game/index.html.erb within layouts/application (Duration: 3.9ms | Allocations: 813)
  Rendered layout layouts/application.html.erb (Duration: 105.4ms | Allocations: 34169)
Completed 200 OK in 127ms (Views: 113.1ms | ActiveRecord: 0.0ms | Allocations: 36561)


Started POST "/game/check_answer" for 127.0.0.1 at 2024-08-10 11:07:41 +0900
Processing by GameController#check_answer as TURBO_STREAM
  Parameters: {"authenticity_token"=>"[FILTERED]", "r"=>"125", "g"=>"10", "b"=>"39", "commit"=>"回答"}
  Rendering layout layouts/application.html.erb
  Rendering game/index.html.erb within layouts/application
  Rendered game/index.html.erb within layouts/application (Duration: 0.8ms | Allocations: 200)
  Rendered layout layouts/application.html.erb (Duration: 3.6ms | Allocations: 1468)
Completed 200 OK in 8ms (Views: 5.6ms | ActiveRecord: 0.0ms | Allocations: 2272)


Started GET "/" for 127.0.0.1 at 2024-08-10 12:36:03 +0900
  [1m[36mActiveRecord::SchemaMigration Load (0.7ms)[0m  [1m[34mSELECT "schema_migrations"."version" FROM "schema_migrations" ORDER BY "schema_migrations"."version" ASC[0m
Processing by GameController#index as HTML
  Rendering layout layouts/application.html.erb
  Rendering game/index.html.erb within layouts/application
  Rendered game/index.html.erb within layouts/application (Duration: 1.3ms | Allocations: 922)
  Rendered layout layouts/application.html.erb (Duration: 73.2ms | Allocations: 34620)
Completed 200 OK in 98ms (Views: 78.5ms | ActiveRecord: 0.0ms | Allocations: 40368)


Started POST "/game/check_answer" for 127.0.0.1 at 2024-08-10 12:36:20 +0900
Processing by GameController#check_answer as TURBO_STREAM
  Parameters: {"authenticity_token"=>"[FILTERED]", "r"=>"255", "g"=>"0", "b"=>"0", "commit"=>"回答"}
  Rendering layout layouts/application.html.erb
  Rendering game/index.html.erb within layouts/application
  Rendered game/index.html.erb within layouts/application (Duration: 0.6ms | Allocations: 204)
  Rendered layout layouts/application.html.erb (Duration: 3.0ms | Allocations: 1472)
Completed 200 OK in 5ms (Views: 3.8ms | ActiveRecord: 0.0ms | Allocations: 2279)


Started POST "/game/check_answer" for 127.0.0.1 at 2024-08-10 12:37:55 +0900
Processing by GameController#check_answer as TURBO_STREAM
  Parameters: {"authenticity_token"=>"[FILTERED]", "r"=>"255", "g"=>"0", "b"=>"0", "commit"=>"回答"}
  Rendering layout layouts/application.html.erb
  Rendering game/index.html.erb within layouts/application
  Rendered game/index.html.erb within layouts/application (Duration: 0.6ms | Allocations: 162)
  Rendered layout layouts/application.html.erb (Duration: 3.6ms | Allocations: 1318)
Completed 200 OK in 6ms (Views: 4.3ms | ActiveRecord: 0.0ms | Allocations: 1874)


